<?xml version="1.0" encoding="UTF-8"?>
<!-- Generated by org.testng.reporters.JUnitReportReporter -->
<testsuite skipped="0" hostname="laptop-RMG" name="com.coya.challenge.tests.JobsPageTest" tests="2" failures="0" timestamp="21 Oct 2018 22:16:21 GMT" time="3.058" errors="0">
  <testcase name="jobSearch" time="1.608" classname="com.coya.challenge.tests.JobsPageTest"/>
  <testcase name="openJobsPage" time="1.450" classname="com.coya.challenge.tests.JobsPageTest"/>
</testsuite> <!-- com.coya.challenge.tests.JobsPageTest -->
