<?xml version="1.0" encoding="UTF-8"?>
<!-- Generated by org.testng.reporters.JUnitReportReporter -->
<testsuite skipped="0" hostname="laptop-RMG" name="com.coya.challenge.tests.HomePageTest" tests="3" failures="0" timestamp="21 Oct 2018 22:16:21 GMT" time="3.156" errors="0">
  <testcase name="subscribeToNewsletter" time="2.508" classname="com.coya.challenge.tests.HomePageTest"/>
  <testcase name="changeLanguage" time="0.553" classname="com.coya.challenge.tests.HomePageTest"/>
  <testcase name="checkMenuSize" time="0.095" classname="com.coya.challenge.tests.HomePageTest"/>
</testsuite> <!-- com.coya.challenge.tests.HomePageTest -->
